<?xml version="1.0" encoding="UTF-8"?>
<!-- Generated by org.testng.reporters.JUnitReportReporter -->
<testsuite skipped="0" hostname="Mos-MacBook-Pro.local" name="com.bankguru.login.Level_02_Register_Login_Base_Page_1" tests="2" failures="0" timestamp="16 Sep 2021 15:12:20 GMT" time="5.665" errors="0">
  <testcase name="Login_02_Login_To_System" time="2.973" classname="com.bankguru.login.Level_02_Register_Login_Base_Page_1"/>
  <testcase name="Login_01_Register_To_System" time="2.692" classname="com.bankguru.login.Level_02_Register_Login_Base_Page_1"/>
</testsuite> <!-- com.bankguru.login.Level_02_Register_Login_Base_Page_1 -->
